<?xml version="1.0" encoding="UTF-8"?>
<robot generator="Robot 3.0.4 (Python 3.6.5 on win32)" generated="20181004 23:54:49.702">
<suite id="s1" name="Tests" source="C:\Users\nico\PycharmProjects\robot-test-balancer\tests">
<suite id="s1-s1" name="Test" source="C:\Users\nico\PycharmProjects\robot-test-balancer\tests\test.robot">
<test id="s1-s1-t1" name="Test 1">
<kw name="Log" library="BuiltIn">
<doc>Logs the given message with the given level.</doc>
<arguments>
<arg>Test 1 Yeah</arg>
</arguments>
<msg timestamp="20181004 23:54:49.761" level="INFO">Test 1 Yeah</msg>
<status status="PASS" starttime="20181004 23:54:49.760" endtime="20181004 23:54:49.761"></status>
</kw>
<tags>
<tag>test1_tag</tag>
</tags>
<status status="PASS" starttime="20181004 23:54:49.759" endtime="20181004 23:54:49.762" critical="yes"></status>
</test>
<test id="s1-s1-t2" name="Test 2">
<kw name="Log" library="BuiltIn">
<doc>Logs the given message with the given level.</doc>
<arguments>
<arg>Test 2 Yeah</arg>
</arguments>
<msg timestamp="20181004 23:54:49.764" level="INFO">Test 2 Yeah</msg>
<status status="PASS" starttime="20181004 23:54:49.764" endtime="20181004 23:54:49.764"></status>
</kw>
<tags>
<tag>test2_tag</tag>
</tags>
<status status="PASS" starttime="20181004 23:54:49.763" endtime="20181004 23:54:49.764" critical="yes"></status>
</test>
<status status="PASS" starttime="20181004 23:54:49.753" endtime="20181004 23:54:49.765"></status>
</suite>
<status status="PASS" starttime="20181004 23:54:49.704" endtime="20181004 23:54:49.766"></status>
</suite>
<statistics>
<total>
<stat pass="2" fail="0">Critical Tests</stat>
<stat pass="2" fail="0">All Tests</stat>
</total>
<tag>
<stat pass="1" fail="0">test1_tag</stat>
<stat pass="1" fail="0">test2_tag</stat>
</tag>
<suite>
<stat pass="2" fail="0" id="s1" name="Tests">Tests</stat>
<stat pass="2" fail="0" id="s1-s1" name="Test">Tests.Test</stat>
</suite>
</statistics>
<errors>
</errors>
</robot>
